[2025-08-24 08:38:34,895: INFO: main: stage Data Ingestion stage initiated]
[2025-08-24 08:38:34,899: INFO: common: yaml file: config\config.yaml loaded successfully]
[2025-08-24 08:38:34,912: INFO: common: yaml file: params.yaml loaded successfully]
[2025-08-24 08:38:34,913: INFO: common: created directory at: artifacts]
[2025-08-24 08:38:34,914: INFO: common: created directory at: artifacts/data_ingestion]
[2025-08-24 08:38:38,841: INFO: data_ingestion: File is downloaded]
[2025-08-24 08:38:39,010: INFO: main: Stage Data Ingestion stage Completed]
[2025-08-25 03:43:09,465: INFO: main: stage Data Ingestion stage initiated]
[2025-08-25 03:43:09,482: INFO: common: yaml file: config\config.yaml loaded successfully]
[2025-08-25 03:43:09,498: INFO: common: yaml file: params.yaml loaded successfully]
[2025-08-25 03:43:09,499: INFO: common: created directory at: artifacts]
[2025-08-25 03:43:09,500: INFO: common: created directory at: artifacts/data_ingestion]
[2025-08-25 03:43:09,501: INFO: data_ingestion: File already exits]
[2025-08-25 03:43:09,735: INFO: main: Stage Data Ingestion stage Completed]
[2025-08-25 03:43:09,736: INFO: main: stage Data Transformation stage initiated]
[2025-08-25 03:43:09,740: INFO: common: yaml file: config\config.yaml loaded successfully]
[2025-08-25 03:43:09,743: INFO: common: yaml file: params.yaml loaded successfully]
[2025-08-25 03:43:09,744: INFO: common: created directory at: artifacts]
[2025-08-25 03:43:09,745: INFO: common: created directory at: artifacts/data_transformation]
[2025-08-25 03:43:29,239: INFO: main: Stage Data Transformation stage Completed]
